%このファイルは日本語文字を含みます.
\BOOKMARK [1][-]{section.1}{\376\377\000H\000o\000n\000g\000-\000O\000u\000-\000M\000a\000n\000d\000e\000l\122\271\147\234}{}% 1
\BOOKMARK [1][-]{section.2}{\376\377\121\205\220\350\201\352\165\061\136\246\060\222\200\003\141\156\060\127\060\137\000H\000O\000M\122\271\147\234}{}% 2
\BOOKMARK [1][-]{section.3}{\376\377\000H\000o\000n\000g\000-\000O\000u\000-\000M\000a\000n\000d\000e\000l\122\271\147\234\060\147\060\250\060\313\060\252\060\363\060\156\154\342\122\325\225\242\145\160\060\222\117\134\060\213}{}% 3
\BOOKMARK [2][-]{subsection.3.1}{\376\377\121\103\212\326\145\207\000\050\0008\000\051\060\156\175\120\147\234\060\222\212\010\173\227\060\127\060\146\060\177\060\213}{section.3}% 4
\BOOKMARK [2][-]{subsection.3.2}{\376\377\212\326\145\207\060\156\175\232\060\115}{section.3}% 5
\BOOKMARK [1][-]{section.4}{\376\377\175\161\212\010\060\250\060\313\060\252\060\363\060\156\154\342\122\325\225\242\145\160}{}% 6
\BOOKMARK [2][-]{subsection.4.1}{\376\377\121\103\212\326\145\207\000\050\0001\0003\000\051\060\113\060\211\000\050\0001\0002\000\051\060\222\134\016\060\117}{section.4}% 7
\BOOKMARK [2][-]{subsection.4.2}{\376\377\212\326\145\207\060\156\175\232\060\115}{section.4}% 8
\BOOKMARK [1][-]{section.5}{\376\377\175\161\212\010\060\250\060\313\060\252\060\363\060\156\173\054\116\214\221\317\133\120\123\026}{}% 9
\BOOKMARK [2][-]{subsection.5.1}{\376\377\060\310\060\335\060\355\060\270\060\253\060\353\060\250\060\313\060\252\060\363\060\156\173\054\116\214\221\317\133\120\123\026}{section.5}% 10
\BOOKMARK [2][-]{subsection.5.2}{\376\377\175\161\212\010\060\250\060\313\060\252\060\363\060\156\173\054\116\214\221\317\133\120\123\026}{section.5}% 11
\BOOKMARK [1][-]{section.6}{\376\377\175\161\212\010\060\250\060\313\060\252\060\363\060\150\116\000\202\054\123\026\143\222\116\326\175\161\212\010\000\050\000G\000e\000n\000e\000r\000a\000l\000i\000z\000e\000d\000\040\000E\000x\000c\000l\000u\000s\000i\000o\000n\000\040\000S\000t\000a\000t\000i\000s\000t\000i\000c\000s\000\051}{}% 12
\BOOKMARK [1][-]{section.7}{\376\377\060\250\060\313\060\252\060\363\060\156\136\163\210\141\161\261\122\233\133\146}{}% 13
\BOOKMARK [2][-]{subsection.7.1}{\376\377\0001\153\041\121\103\175\161\212\010\060\250\060\313\060\252\060\363}{section.7}% 14
\BOOKMARK [2][-]{subsection.7.2}{\376\377\212\277\124\214\060\335\060\306\060\363\060\267\060\343\060\353\116\055\060\156\175\161\212\010\060\250\060\313\060\252\060\363\060\156\122\006\221\115\225\242\145\160}{section.7}% 15
\BOOKMARK [2][-]{subsection.7.3}{\376\377\0001\153\041\121\103\175\161\212\010\060\250\060\313\060\252\060\363\060\156\161\261\122\233\133\146\221\317\060\156\212\010\173\227}{section.7}% 16
\BOOKMARK [2][-]{subsection.7.4}{\376\377\0002\153\041\121\103\175\161\212\010\060\250\060\313\060\252\060\363}{section.7}% 17
\BOOKMARK [2][-]{subsection.7.5}{\376\377\0002\153\041\121\103\060\310\060\335\060\355\060\270\060\253\060\353\060\250\060\313\060\252\060\363}{section.7}% 18
\BOOKMARK [2][-]{subsection.7.6}{\376\377\161\261\122\233\133\146\166\204\173\111\117\241\140\047}{section.7}% 19
\BOOKMARK [1][-]{section.8}{\376\377\123\357\220\006\060\250\060\313\060\252\060\363\060\250\060\363\060\270\060\363}{}% 20
\BOOKMARK [2][-]{subsection.8.1}{\376\377\123\357\220\006\161\261\122\233\133\146\060\156\147\240\175\104\060\177\060\147\060\156\000O\000t\000t\000o\060\265\060\244\060\257\060\353\060\156\116\000\202\054\212\326}{section.8}% 21
\BOOKMARK [2][-]{subsection.8.2}{\376\377\0001\153\041\121\103\175\161\212\010\060\250\060\313\060\252\060\363\060\250\060\363\060\270\060\363}{section.8}% 22
\BOOKMARK [2][-]{subsection.8.3}{\376\377\0002\153\041\121\103\175\161\212\010\060\250\060\313\060\252\060\363\060\250\060\363\060\270\060\363}{section.8}% 23
\BOOKMARK [2][-]{subsection.8.4}{\376\377\0002\153\041\121\103\060\310\060\335\060\355\060\270\060\253\060\353\060\250\060\313\060\252\060\363\060\250\060\363\060\270\060\363}{section.8}% 24
\BOOKMARK [1][-]{section.9}{\376\377\000d\000i\000s\000s\000c\000u\000s\000s\000i\000o\000n}{}% 25
\BOOKMARK [2][-]{subsection.9.1}{\376\377\175\161\212\010\060\250\060\313\060\252\060\363\060\156\133\237\232\023\060\222\060\127\060\137\060\211\060\151\060\106\060\152\060\213\060\113\377\037}{section.9}% 26
\BOOKMARK [2][-]{subsection.9.2}{\376\377\175\161\212\010\060\250\060\313\060\252\060\363\060\156\161\261\122\233\133\146\221\317\060\157\060\151\060\156\060\210\060\106\060\153\212\010\156\054\060\131\060\213\060\113\377\037}{section.9}% 27
\BOOKMARK [2][-]{subsection.9.3}{\376\377\060\250\060\313\060\252\060\363\060\250\060\363\060\270\060\363\060\156\220\037\136\246\060\150\060\321\060\357\060\374\060\156\060\310\060\354\060\374\060\311\060\252\060\325\225\242\117\302}{section.9}% 28
\BOOKMARK [2][-]{subsection.9.4}{\376\377\060\310\060\335\060\355\060\270\060\253\060\353\060\250\060\313\060\252\060\363\060\150\175\161\212\010\060\250\060\313\060\252\060\363\060\156\116\000\201\364}{section.9}% 29
\BOOKMARK [2][-]{subsection.9.5}{\376\377\060\250\060\313\060\252\060\363\060\250\060\363\060\270\060\363\060\156\122\271\163\207\060\150\060\321\060\357\060\374\060\156\060\310\060\354\060\374\060\311\060\252\060\325\225\242\117\302}{section.9}% 30
\BOOKMARK [1][-]{section.10}{\376\377\000A\000p\000p\000e\000n\000d\000i\000x}{}% 31
\BOOKMARK [2][-]{subsection.10.1}{\376\377\123\357\220\006\161\261\122\233\133\146\060\153\060\144\060\104\060\146}{section.10}% 32
